

Version:	3.12
CmdLine:	D:\Github\PCRemoteControllerServer\src\comServTest.exe --l4j-debug
WOW64:		yes
Create mutex:	comServTest
Working dir:	D:\Github\PCRemoteControllerServer\src\.
Java min ver:	1.008.000_111
Java max ver:	1.009.000
64-bit search:	SOFTWARE\JavaSoft\Java Runtime Environment...
32-bit search:	SOFTWARE\JavaSoft\Java Runtime Environment...
64-bit search:	SOFTWARE\JavaSoft\Java Development Kit...
32-bit search:	SOFTWARE\JavaSoft\Java Development Kit...
Check:		SOFTWARE\JavaSoft\Java Development Kit\1.7
Ignore:		1.007.000
Check:		SOFTWARE\JavaSoft\Java Development Kit\1.7.0_55
Ignore:		1.007.000_055
64-bit search:	SOFTWARE\JavaSoft\JRE...
32-bit search:	SOFTWARE\JavaSoft\JRE...
64-bit search:	SOFTWARE\JavaSoft\JDK...
Check:		SOFTWARE\JavaSoft\JDK\10.0.1
Ignore:		1.010.000_001
Check:		SOFTWARE\JavaSoft\JDK\12.0.2
Ignore:		1.012.000_002
Check:		SOFTWARE\JavaSoft\JDK\13.0.2
Ignore:		1.013.000_002
Check:		SOFTWARE\JavaSoft\JDK\9.0.4
Ignore:		1.009.000_004
32-bit search:	SOFTWARE\JavaSoft\JDK...
64-bit search:	SOFTWARE\IBM\Java Runtime Environment...
32-bit search:	SOFTWARE\IBM\Java Runtime Environment...
64-bit search:	SOFTWARE\IBM\Java Development Kit...
32-bit search:	SOFTWARE\IBM\Java Development Kit...
64-bit search:	SOFTWARE\IBM\Java2 Runtime Environment...
32-bit search:	SOFTWARE\IBM\Java2 Runtime Environment...
64-bit search:	SOFTWARE\IBM\Java Development Kit...
32-bit search:	SOFTWARE\IBM\Java Development Kit...
Error msg:	This application requires a Java Runtime Environment 1.8.0_111 - 1.9.0
Open URL:	http://java.com/download


Version:	3.12
CmdLine:	D:\Github\PCRemoteControllerServer\src\comServTest.exe --l4j-debug
WOW64:		yes
Working dir:	D:\Github\PCRemoteControllerServer\src\.
Java min ver:	1.008.000
Java max ver:	1.013.000_002
64-bit search:	SOFTWARE\JavaSoft\Java Runtime Environment...
32-bit search:	SOFTWARE\JavaSoft\Java Runtime Environment...
64-bit search:	SOFTWARE\JavaSoft\Java Development Kit...
32-bit search:	SOFTWARE\JavaSoft\Java Development Kit...
Check:		SOFTWARE\JavaSoft\Java Development Kit\1.7
Ignore:		1.007.000
Check:		SOFTWARE\JavaSoft\Java Development Kit\1.7.0_55
Ignore:		1.007.000_055
64-bit search:	SOFTWARE\JavaSoft\JRE...
32-bit search:	SOFTWARE\JavaSoft\JRE...
64-bit search:	SOFTWARE\JavaSoft\JDK...
Check:		SOFTWARE\JavaSoft\JDK\10.0.1
Check launcher:	C:\Program Files\Java\jdk-10.0.1\bin\javaw.exe (not found)
Ignore:		1.010.000_001
Check:		SOFTWARE\JavaSoft\JDK\12.0.2
Check launcher:	C:\Program Files\Java\jdk-12.0.2\bin\javaw.exe (not found)
Ignore:		1.012.000_002
Check:		SOFTWARE\JavaSoft\JDK\13.0.2
Check launcher:	C:\Program Files\Java\jdk-13.0.2\bin\javaw.exe (OK)
Match:		1.013.000_002
Check:		SOFTWARE\JavaSoft\JDK\9.0.4
Ignore:		1.009.000_004
Runtime used:	1.013.000_002 (64-bit)
Launcher:	C:\Program Files\Java\jdk-13.0.2\bin\javaw.exe
Launcher args:	-jar "D:\Github\PCRemoteControllerServer\src\comServTest.exe"
Args length:	61/32768 chars
Exit code:	0
